# JRE version: OpenJDK Runtime Environment (8.0_292-b10) (build 1.8.0_292-b10)
# Java VM: OpenJDK 64-Bit Server VM (25.292-b10 mixed mode windows-amd64 compressed oops)
Heap:
 PSYoungGen      total 145920K, used 61159K [0x00000000f5580000, 0x0000000100000000, 0x0000000100000000)
  eden space 117248K, 27% used [0x00000000f5580000,0x00000000f753fc40,0x00000000fc800000)
  from space 28672K, 99% used [0x00000000fc800000,0x00000000fe3fa020,0x00000000fe400000)
  to   space 28672K, 0% used [0x00000000fe400000,0x00000000fe400000,0x0000000100000000)
 ParOldGen       total 212992K, used 50679K [0x00000000e0000000, 0x00000000ed000000, 0x00000000f5580000)
  object space 212992K, 23% used [0x00000000e0000000,0x00000000e317dd28,0x00000000ed000000)
 Metaspace       used 77908K, capacity 82390K, committed 82560K, reserved 1120256K
  class space    used 10899K, capacity 11825K, committed 11904K, reserved 1048576K
GC Heap History (10 events):
Event: 39.494 GC heap before
{Heap before GC invocations=12 (full 2):
 PSYoungGen      total 162304K, used 135599K [0x00000000f5580000, 0x0000000100000000, 0x0000000100000000)
  eden space 150528K, 82% used [0x00000000f5580000,0x00000000fce70b48,0x00000000fe880000)
  from space 11776K, 99% used [0x00000000fe880000,0x00000000ff3fb130,0x00000000ff400000)
  to   space 12288K, 0% used [0x00000000ff400000,0x00000000ff400000,0x0000000100000000)
 ParOldGen       total 175104K, used 22669K [0x00000000e0000000, 0x00000000eab00000, 0x00000000f5580000)
  object space 175104K, 12% used [0x00000000e0000000,0x00000000e1623698,0x00000000eab00000)
 Metaspace       used 56606K, capacity 59028K, committed 59136K, reserved 1099776K
  class space    used 7858K, capacity 8408K, committed 8448K, reserved 1048576K
Event: 39.632 GC heap after
Heap after GC invocations=12 (full 2):
 PSYoungGen      total 145920K, used 12274K [0x00000000f5580000, 0x0000000100000000, 0x0000000100000000)
  eden space 133632K, 0% used [0x00000000f5580000,0x00000000f5580000,0x00000000fd800000)
  from space 12288K, 99% used [0x00000000ff400000,0x00000000ffffc858,0x0000000100000000)
  to   space 20480K, 0% used [0x00000000fd800000,0x00000000fd800000,0x00000000fec00000)
 ParOldGen       total 175104K, used 34586K [0x00000000e0000000, 0x00000000eab00000, 0x00000000f5580000)
  object space 175104K, 19% used [0x00000000e0000000,0x00000000e21c6980,0x00000000eab00000)
 Metaspace       used 56606K, capacity 59028K, committed 59136K, reserved 1099776K
  class space    used 7858K, capacity 8408K, committed 8448K, reserved 1048576K
}
Event: 39.632 GC heap before
{Heap before GC invocations=13 (full 3):
 PSYoungGen      total 145920K, used 12274K [0x00000000f5580000, 0x0000000100000000, 0x0000000100000000)
  eden space 133632K, 0% used [0x00000000f5580000,0x00000000f5580000,0x00000000fd800000)
  from space 12288K, 99% used [0x00000000ff400000,0x00000000ffffc858,0x0000000100000000)
  to   space 20480K, 0% used [0x00000000fd800000,0x00000000fd800000,0x00000000fec00000)
 ParOldGen       total 175104K, used 34586K [0x00000000e0000000, 0x00000000eab00000, 0x00000000f5580000)
  object space 175104K, 19% used [0x00000000e0000000,0x00000000e21c6980,0x00000000eab00000)
 Metaspace       used 56606K, capacity 59028K, committed 59136K, reserved 1099776K
  class space    used 7858K, capacity 8408K, committed 8448K, reserved 1048576K
Event: 40.289 GC heap after
Heap after GC invocations=13 (full 3):
 PSYoungGen      total 145920K, used 0K [0x00000000f5580000, 0x0000000100000000, 0x0000000100000000)
  eden space 133632K, 0% used [0x00000000f5580000,0x00000000f5580000,0x00000000fd800000)
  from space 12288K, 0% used [0x00000000ff400000,0x00000000ff400000,0x0000000100000000)
  to   space 20480K, 0% used [0x00000000fd800000,0x00000000fd800000,0x00000000fec00000)
 ParOldGen       total 212992K, used 38553K [0x00000000e0000000, 0x00000000ed000000, 0x00000000f5580000)
  object space 212992K, 18% used [0x00000000e0000000,0x00000000e25a6758,0x00000000ed000000)
 Metaspace       used 56595K, capacity 58992K, committed 59136K, reserved 1099776K
  class space    used 7855K, capacity 8402K, committed 8448K, reserved 1048576K
}
Event: 49.255 GC heap before
{Heap before GC invocations=14 (full 3):
 PSYoungGen      total 145920K, used 133632K [0x00000000f5580000, 0x0000000100000000, 0x0000000100000000)
  eden space 133632K, 100% used [0x00000000f5580000,0x00000000fd800000,0x00000000fd800000)
  from space 12288K, 0% used [0x00000000ff400000,0x00000000ff400000,0x0000000100000000)
  to   space 20480K, 0% used [0x00000000fd800000,0x00000000fd800000,0x00000000fec00000)
 ParOldGen       total 212992K, used 38553K [0x00000000e0000000, 0x00000000ed000000, 0x00000000f5580000)
  object space 212992K, 18% used [0x00000000e0000000,0x00000000e25a6758,0x00000000ed000000)
 Metaspace       used 62485K, capacity 65898K, committed 65920K, reserved 1105920K
  class space    used 8824K, capacity 9595K, committed 9600K, reserved 1048576K
Event: 49.533 GC heap after
Heap after GC invocations=14 (full 3):
 PSYoungGen      total 153088K, used 19071K [0x00000000f5580000, 0x0000000100000000, 0x0000000100000000)
  eden space 133632K, 0% used [0x00000000f5580000,0x00000000f5580000,0x00000000fd800000)
  from space 19456K, 98% used [0x00000000fd800000,0x00000000fea9ff80,0x00000000feb00000)
  to   space 21504K, 0% used [0x00000000feb00000,0x00000000feb00000,0x0000000100000000)
 ParOldGen       total 212992K, used 38561K [0x00000000e0000000, 0x00000000ed000000, 0x00000000f5580000)
  object space 212992K, 18% used [0x00000000e0000000,0x00000000e25a8758,0x00000000ed000000)
 Metaspace       used 62485K, capacity 65898K, committed 65920K, reserved 1105920K
  class space    used 8824K, capacity 9595K, committed 9600K, reserved 1048576K
}
Event: 57.951 GC heap before
{Heap before GC invocations=15 (full 3):
 PSYoungGen      total 153088K, used 152703K [0x00000000f5580000, 0x0000000100000000, 0x0000000100000000)
  eden space 133632K, 100% used [0x00000000f5580000,0x00000000fd800000,0x00000000fd800000)
  from space 19456K, 98% used [0x00000000fd800000,0x00000000fea9ff80,0x00000000feb00000)
  to   space 21504K, 0% used [0x00000000feb00000,0x00000000feb00000,0x0000000100000000)
 ParOldGen       total 212992K, used 38561K [0x00000000e0000000, 0x00000000ed000000, 0x00000000f5580000)
  object space 212992K, 18% used [0x00000000e0000000,0x00000000e25a8758,0x00000000ed000000)
 Metaspace       used 72262K, capacity 76170K, committed 76416K, reserved 1114112K
  class space    used 10193K, capacity 11089K, committed 11136K, reserved 1048576K
Event: 58.298 GC heap after
Heap after GC invocations=15 (full 3):
 PSYoungGen      total 138752K, used 21480K [0x00000000f5580000, 0x0000000100000000, 0x0000000100000000)
  eden space 117248K, 0% used [0x00000000f5580000,0x00000000f5580000,0x00000000fc800000)
  from space 21504K, 99% used [0x00000000feb00000,0x00000000ffffa020,0x0000000100000000)
  to   space 28672K, 0% used [0x00000000fc800000,0x00000000fc800000,0x00000000fe400000)
 ParOldGen       total 212992K, used 48392K [0x00000000e0000000, 0x00000000ed000000, 0x00000000f5580000)
  object space 212992K, 22% used [0x00000000e0000000,0x00000000e2f423e0,0x00000000ed000000)
 Metaspace       used 72262K, capacity 76170K, committed 76416K, reserved 1114112K
  class space    used 10193K, capacity 11089K, committed 11136K, reserved 1048576K
}
Event: 63.710 GC heap before
{Heap before GC invocations=16 (full 3):
 PSYoungGen      total 138752K, used 138728K [0x00000000f5580000, 0x0000000100000000, 0x0000000100000000)
  eden space 117248K, 100% used [0x00000000f5580000,0x00000000fc800000,0x00000000fc800000)
  from space 21504K, 99% used [0x00000000feb00000,0x00000000ffffa020,0x0000000100000000)
  to   space 28672K, 0% used [0x00000000fc800000,0x00000000fc800000,0x00000000fe400000)
 ParOldGen       total 212992K, used 48392K [0x00000000e0000000, 0x00000000ed000000, 0x00000000f5580000)
  object space 212992K, 22% used [0x00000000e0000000,0x00000000e2f423e0,0x00000000ed000000)
 Metaspace       used 77411K, capacity 81802K, committed 81920K, reserved 1120256K
  class space    used 10860K, capacity 11739K, committed 11776K, reserved 1048576K
Event: 63.757 GC heap after
Heap after GC invocations=16 (full 3):
 PSYoungGen      total 145920K, used 28648K [0x00000000f5580000, 0x0000000100000000, 0x0000000100000000)
  eden space 117248K, 0% used [0x00000000f5580000,0x00000000f5580000,0x00000000fc800000)
  from space 28672K, 99% used [0x00000000fc800000,0x00000000fe3fa020,0x00000000fe400000)
  to   space 28672K, 0% used [0x00000000fe400000,0x00000000fe400000,0x0000000100000000)
 ParOldGen       total 212992K, used 50679K [0x00000000e0000000, 0x00000000ed000000, 0x00000000f5580000)
  object space 212992K, 23% used [0x00000000e0000000,0x00000000e317dd28,0x00000000ed000000)
 Metaspace       used 77411K, capacity 81802K, committed 81920K, reserved 1120256K
  class space    used 10860K, capacity 11739K, committed 11776K, reserved 1048576K
}

